<?xml version="1.0" encoding="UTF-8"?>
<!-- Generated by org.testng.reporters.JUnitXMLReporter -->
<testsuite hostname="Veeras-MBP.domain.name" ignored="0" name="Regression1" tests="1" failures="1" timestamp="2020-12-01T07:37:29 IST" time="9.272" errors="0">
  <testcase name="registerUser" time="9.116" classname="com.selenium.testcases.TC_01_RegisterUser">
    <failure type="java.lang.NullPointerException">
      <![CDATA[java.lang.NullPointerException
at com.selenium.genericmethods.WebUtilities.getScreenShot(WebUtilities.java:55)
at com.selenium.applicationpages.HomePage.navigateToLoginPage(HomePage.java:25)
at com.selenium.testcases.TC_01_RegisterUser.registerUser(TC_01_RegisterUser.java:19)
at java.util.concurrent.ThreadPoolExecutor.runWorker(ThreadPoolExecutor.java:1149)
at java.util.concurrent.ThreadPoolExecutor$Worker.run(ThreadPoolExecutor.java:624)
at java.lang.Thread.run(Thread.java:748)
... Removed 12 stack frames]]>
    </failure>
  </testcase> <!-- registerUser -->
</testsuite> <!-- Regression1 -->
