<?xml version="1.0" encoding="UTF-8"?>
<testng-results skipped="0" failed="1" ignored="0" total="1" passed="0">
  <reporter-output>
  </reporter-output>
  <suite name="Suite1" duration-ms="9272" started-at="2020-12-01T07:37:19 IST" finished-at="2020-12-01T07:37:29 IST">
    <groups>
    </groups>
    <test name="Regression1" duration-ms="9272" started-at="2020-12-01T07:37:19 IST" finished-at="2020-12-01T07:37:29 IST">
      <class name="com.selenium.testcases.TC_01_RegisterUser">
        <test-method status="FAIL" signature="registerUser()[pri:0, instance:com.selenium.testcases.TC_01_RegisterUser@4b770e40]" name="registerUser" duration-ms="9116" started-at="2020-12-01T07:37:19 IST" finished-at="2020-12-01T07:37:29 IST">
          <exception class="java.lang.NullPointerException">
            <full-stacktrace>
              <![CDATA[java.lang.NullPointerException
at com.selenium.genericmethods.WebUtilities.getScreenShot(WebUtilities.java:55)
at com.selenium.applicationpages.HomePage.navigateToLoginPage(HomePage.java:25)
at com.selenium.testcases.TC_01_RegisterUser.registerUser(TC_01_RegisterUser.java:19)
at sun.reflect.NativeMethodAccessorImpl.invoke0(Native Method)
at sun.reflect.NativeMethodAccessorImpl.invoke(NativeMethodAccessorImpl.java:62)
at sun.reflect.DelegatingMethodAccessorImpl.invoke(DelegatingMethodAccessorImpl.java:43)
at java.lang.reflect.Method.invoke(Method.java:498)
at org.testng.internal.MethodInvocationHelper.invokeMethod(MethodInvocationHelper.java:134)
at org.testng.internal.TestInvoker.invokeMethod(TestInvoker.java:597)
at org.testng.internal.TestInvoker.invokeTestMethod(TestInvoker.java:173)
at org.testng.internal.MethodRunner.runInSequence(MethodRunner.java:46)
at org.testng.internal.TestInvoker$MethodInvocationAgent.invoke(TestInvoker.java:816)
at org.testng.internal.TestInvoker.invokeTestMethods(TestInvoker.java:146)
at org.testng.internal.TestMethodWorker.invokeTestMethods(TestMethodWorker.java:146)
at org.testng.internal.TestMethodWorker.run(TestMethodWorker.java:128)
at java.util.concurrent.ThreadPoolExecutor.runWorker(ThreadPoolExecutor.java:1149)
at java.util.concurrent.ThreadPoolExecutor$Worker.run(ThreadPoolExecutor.java:624)
at java.lang.Thread.run(Thread.java:748)
]]>
            </full-stacktrace>
          </exception> <!-- java.lang.NullPointerException -->
          <reporter-output>
          </reporter-output>
        </test-method> <!-- registerUser -->
      </class> <!-- com.selenium.testcases.TC_01_RegisterUser -->
    </test> <!-- Regression1 -->
  </suite> <!-- Suite1 -->
</testng-results>
