<?xml version="1.0" encoding="UTF-8"?>
<testsuite xmlns:xsi="http://www.w3.org/2001/XMLSchema-instance" xsi:noNamespaceSchemaLocation="https://maven.apache.org/surefire/maven-surefire-plugin/xsd/surefire-test-report.xsd" name="TestSuite" time="10.18" tests="1" errors="0" skipped="0" failures="1">
  <properties>
[...]
</properties>
  <testcase name="registerUser" classname="com.selenium.testcases.TC_01_RegisterUser" time="9.129">
    <failure type="java.lang.NullPointerException">java.lang.NullPointerException
	at com.selenium.testcases.TC_01_RegisterUser.registerUser(TC_01_RegisterUser.java:19)
</failure>
    <system-out><![CDATA[The Element Login is clicked sucessfully on the Home Page
]]></system-out>
    <system-err><![CDATA[1606788440536	geckodriver	INFO	Listening on 127.0.0.1:11395
1606788440804	mozrunner::runner	INFO	Running command: "/Applications/Firefox.app/Contents/MacOS/firefox-bin" "--marionette" "-foreground" "-no-remote" "-profile" "/var/folders/zq/fg1ns2v10y9gqffssnv_86dr0000gn/T/rust_mozprofiledAoonP"
console.warn: SearchSettings: "get: No settings file exists, new profile?" (new Error("", "(unknown module)"))
1606788443450	Marionette	INFO	Listening on port 51575
1606788443518	Marionette	WARN	TLS certificate errors will be ignored for this session
Dec 01, 2020 7:37:23 AM org.openqa.selenium.remote.ProtocolHandshake createSession
INFO: Detected dialect: W3C
JavaScript error: resource://gre/modules/URIFixup.jsm, line 271: NS_ERROR_FAILURE: Should pass a non-null uri
]]></system-err>
  </testcase>
</testsuite>